build/app/intermediates/manifest_merge_blame_file/debug/manifest-merger-blame-debug-report.txt
1<?xml version="1.0" encoding="utf-8"?>
2<manifest xmlns:android="http://schemas.android.com/apk/res/android"
3    package="com.example.the_night"
4    android:versionCode="1"
5    android:versionName="1.0.0" >
6
7    <uses-sdk
8        android:minSdkVersion="21"
9        android:targetSdkVersion="28" />
10    <!--
11         Flutter needs it to communicate with the running application
12         to allow setting breakpoints, to provide hot reload, etc.
13    -->
14    <uses-permission android:name="android.permission.INTERNET" />
14-->src\main\AndroidManifest.xml:50:3-64
14-->src\main\AndroidManifest.xml:50:20-62
15    <uses-permission android:name="android.permission.READ_EXTERNAL_STORAGE" />
15-->[:image_picker] AndroidManifest.xml:7:5-80
15-->[:image_picker] AndroidManifest.xml:7:22-77
16    <uses-permission android:name="android.permission.WRITE_EXTERNAL_STORAGE" /> <!-- Although the *SdkVersion is captured in gradle build files, this is required for non gradle builds -->
16-->[:image_picker] AndroidManifest.xml:8:5-81
16-->[:image_picker] AndroidManifest.xml:8:22-78
17    <!-- <uses-sdk android:minSdkVersion="14"/> -->
18    <uses-permission android:name="android.permission.ACCESS_NETWORK_STATE" />
18-->[com.google.firebase:firebase-storage:17.0.0] AndroidManifest.xml:26:5-79
18-->[com.google.firebase:firebase-storage:17.0.0] AndroidManifest.xml:26:22-76
19    <!--
20 io.flutter.app.FlutterApplication is an android.app.Application that
21         calls FlutterMain.startInitialization(this); in its onCreate method.
22         In most cases you can leave this as-is, but you if you want to provide
23         additional functionality it is fine to subclass or reimplement
24         FlutterApplication and put your custom class here.
25    -->
26    <application
26-->src\main\AndroidManifest.xml:8:5-47:19
27        android:name="io.flutter.app.FlutterApplication"
27-->src\main\AndroidManifest.xml:9:9-57
28        android:appComponentFactory="androidx.core.app.CoreComponentFactory"
28-->[androidx.core:core:1.0.2] AndroidManifest.xml:22:18-86
29        android:debuggable="true"
30        android:icon="@mipmap/ic_launcher"
30-->src\main\AndroidManifest.xml:11:9-43
31        android:label="the_night"
31-->src\main\AndroidManifest.xml:10:9-34
32        android:supportsRtl="true" >
32-->[com.facebook.android:facebook-login:5.5.1] AndroidManifest.xml:28:18-44
33        <activity
33-->src\main\AndroidManifest.xml:12:9-23:20
34            android:name="com.example.the_night.MainActivity"
34-->src\main\AndroidManifest.xml:13:13-41
35            android:configChanges="orientation|keyboardHidden|keyboard|screenSize|smallestScreenSize|locale|layoutDirection|fontScale|screenLayout|density|uiMode"
35-->src\main\AndroidManifest.xml:16:13-163
36            android:hardwareAccelerated="true"
36-->src\main\AndroidManifest.xml:17:13-47
37            android:launchMode="singleTop"
37-->src\main\AndroidManifest.xml:14:13-43
38            android:theme="@style/LaunchTheme"
38-->src\main\AndroidManifest.xml:15:13-47
39            android:windowSoftInputMode="adjustResize" >
39-->src\main\AndroidManifest.xml:18:13-55
40            <intent-filter>
40-->src\main\AndroidManifest.xml:19:13-22:29
41                <action android:name="android.intent.action.MAIN" />
41-->src\main\AndroidManifest.xml:20:17-68
41-->src\main\AndroidManifest.xml:20:25-66
42
43                <category android:name="android.intent.category.LAUNCHER" />
43-->src\main\AndroidManifest.xml:21:17-76
43-->src\main\AndroidManifest.xml:21:27-74
44            </intent-filter>
45        </activity>
46        <!--
47             Don't delete the meta-data below.
48             This is used by the Flutter tool to generate GeneratedPluginRegistrant.java
49        -->
50
51        <meta-data
51-->src\main\AndroidManifest.xml:27:9-29:33
52            android:name="flutterEmbedding"
52-->src\main\AndroidManifest.xml:28:13-44
53            android:value="2" />
53-->src\main\AndroidManifest.xml:29:13-30
54
55        <!-- from -->
56        <meta-data
56-->src\main\AndroidManifest.xml:32:8-33:50
57            android:name="com.facebook.sdk.ApplicationId"
57-->src\main\AndroidManifest.xml:32:19-64
58            android:value="@string/facebook_app_id" />
58-->src\main\AndroidManifest.xml:33:9-48
59
60        <activity
60-->src\main\AndroidManifest.xml:34:9-36:46
61            android:name="com.facebook.FacebookActivity"
61-->src\main\AndroidManifest.xml:34:19-63
62            android:configChanges="keyboard|keyboardHidden|screenLayout|screenSize|orientation"
62-->src\main\AndroidManifest.xml:35:10-94
63            android:label="@string/app_name"
63-->src\main\AndroidManifest.xml:36:11-43
64            android:theme="@style/com_facebook_activity_theme" />
64-->[com.facebook.android:facebook-common:5.5.1] AndroidManifest.xml:32:13-63
65        <activity
65-->src\main\AndroidManifest.xml:37:12-44:28
66            android:name="com.facebook.CustomTabActivity"
66-->src\main\AndroidManifest.xml:37:22-67
67            android:exported="true" >
67-->src\main\AndroidManifest.xml:37:68-91
68            <intent-filter>
68-->src\main\AndroidManifest.xml:38:13-43:32
69                <action android:name="android.intent.action.VIEW" />
69-->src\main\AndroidManifest.xml:39:14-66
69-->src\main\AndroidManifest.xml:39:22-63
70
71                <category android:name="android.intent.category.DEFAULT" />
71-->src\main\AndroidManifest.xml:40:15-74
71-->src\main\AndroidManifest.xml:40:25-71
72                <category android:name="android.intent.category.BROWSABLE" />
72-->src\main\AndroidManifest.xml:41:16-77
72-->src\main\AndroidManifest.xml:41:26-74
73
74                <data android:scheme="@string/fb_login_protocol_scheme" />
74-->src\main\AndroidManifest.xml:42:16-74
74-->src\main\AndroidManifest.xml:42:22-71
75            </intent-filter>
76        </activity>
77        <!-- to -->
78
79        <service
79-->[:firebase_storage] AndroidManifest.xml:8:9-12:19
80            android:name="com.google.firebase.components.ComponentDiscoveryService"
80-->[:firebase_storage] AndroidManifest.xml:8:18-89
81            android:directBootAware="true"
81-->[com.google.firebase:firebase-common:19.3.0] AndroidManifest.xml:34:13-43
82            android:exported="false" >
82-->[com.google.firebase:firebase-auth:19.2.0] AndroidManifest.xml:35:13-37
83            <meta-data
83-->[:firebase_storage] AndroidManifest.xml:9:13-11:85
84                android:name="com.google.firebase.components:io.flutter.plugins.firebase.storage.FlutterFirebaseAppRegistrar"
84-->[:firebase_storage] AndroidManifest.xml:10:17-126
85                android:value="com.google.firebase.components.ComponentRegistrar" />
85-->[:firebase_storage] AndroidManifest.xml:11:17-82
86            <meta-data
86-->[:firebase_auth] AndroidManifest.xml:9:13-11:85
87                android:name="com.google.firebase.components:io.flutter.plugins.firebaseauth.FlutterFirebaseAppRegistrar"
87-->[:firebase_auth] AndroidManifest.xml:10:17-122
88                android:value="com.google.firebase.components.ComponentRegistrar" />
88-->[:firebase_auth] AndroidManifest.xml:11:17-82
89            <meta-data
89-->[:cloud_firestore] AndroidManifest.xml:9:13-11:85
90                android:name="com.google.firebase.components:io.flutter.plugins.firebase.cloudfirestore.FlutterFirebaseAppRegistrar"
90-->[:cloud_firestore] AndroidManifest.xml:10:17-133
91                android:value="com.google.firebase.components.ComponentRegistrar" />
91-->[:cloud_firestore] AndroidManifest.xml:11:17-82
92            <meta-data
92-->[:firebase_core] AndroidManifest.xml:9:13-11:85
93                android:name="com.google.firebase.components:io.flutter.plugins.firebase.core.FlutterFirebaseAppRegistrar"
93-->[:firebase_core] AndroidManifest.xml:10:17-123
94                android:value="com.google.firebase.components.ComponentRegistrar" />
94-->[:firebase_core] AndroidManifest.xml:11:17-82
95            <meta-data
95-->[com.google.firebase:firebase-auth:19.2.0] AndroidManifest.xml:36:13-38:85
96                android:name="com.google.firebase.components:com.google.firebase.auth.FirebaseAuthRegistrar"
96-->[com.google.firebase:firebase-auth:19.2.0] AndroidManifest.xml:37:17-109
97                android:value="com.google.firebase.components.ComponentRegistrar" />
97-->[com.google.firebase:firebase-auth:19.2.0] AndroidManifest.xml:38:17-82
98            <meta-data
98-->[com.google.firebase:firebase-storage:17.0.0] AndroidManifest.xml:31:13-33:85
99                android:name="com.google.firebase.components:com.google.firebase.storage.StorageRegistrar"
99-->[com.google.firebase:firebase-storage:17.0.0] AndroidManifest.xml:32:17-107
100                android:value="com.google.firebase.components.ComponentRegistrar" />
100-->[com.google.firebase:firebase-storage:17.0.0] AndroidManifest.xml:33:17-82
101            <meta-data
101-->[com.google.firebase:firebase-firestore:21.3.0] AndroidManifest.xml:20:13-22:85
102                android:name="com.google.firebase.components:com.google.firebase.firestore.FirestoreRegistrar"
102-->[com.google.firebase:firebase-firestore:21.3.0] AndroidManifest.xml:21:17-111
103                android:value="com.google.firebase.components.ComponentRegistrar" />
103-->[com.google.firebase:firebase-firestore:21.3.0] AndroidManifest.xml:22:17-82
104        </service>
105
106        <provider
106-->[:image_picker] AndroidManifest.xml:11:9-19:20
107            android:name="io.flutter.plugins.imagepicker.ImagePickerFileProvider"
107-->[:image_picker] AndroidManifest.xml:12:13-82
108            android:authorities="com.example.the_night.flutter.image_provider"
108-->[:image_picker] AndroidManifest.xml:13:13-74
109            android:exported="false"
109-->[:image_picker] AndroidManifest.xml:14:13-37
110            android:grantUriPermissions="true" >
110-->[:image_picker] AndroidManifest.xml:15:13-47
111            <meta-data
111-->[:image_picker] AndroidManifest.xml:16:13-18:75
112                android:name="android.support.FILE_PROVIDER_PATHS"
112-->[:image_picker] AndroidManifest.xml:17:17-67
113                android:resource="@xml/flutter_image_picker_file_paths" />
113-->[:image_picker] AndroidManifest.xml:18:17-72
114        </provider>
115        <provider
115-->[com.sangcomz:FishBun:0.11.2] AndroidManifest.xml:12:9-20:20
116            android:name="com.sangcomz.fishbun.FishBunFileProvider"
116-->[com.sangcomz:FishBun:0.11.2] AndroidManifest.xml:13:13-68
117            android:authorities="com.example.the_night.fishbunfileprovider"
117-->[com.sangcomz:FishBun:0.11.2] AndroidManifest.xml:14:13-71
118            android:exported="false"
118-->[com.sangcomz:FishBun:0.11.2] AndroidManifest.xml:15:13-37
119            android:grantUriPermissions="true" >
119-->[com.sangcomz:FishBun:0.11.2] AndroidManifest.xml:16:13-47
120            <meta-data
120-->[:image_picker] AndroidManifest.xml:16:13-18:75
121                android:name="android.support.FILE_PROVIDER_PATHS"
121-->[:image_picker] AndroidManifest.xml:17:17-67
122                android:resource="@xml/provider_paths" />
122-->[:image_picker] AndroidManifest.xml:18:17-72
123        </provider>
124
125        <activity
125-->[com.sangcomz:FishBun:0.11.2] AndroidManifest.xml:22:9-25:51
126            android:name="com.sangcomz.fishbun.ui.album.AlbumActivity"
126-->[com.sangcomz:FishBun:0.11.2] AndroidManifest.xml:23:13-71
127            android:label="@string/album"
127-->[com.sangcomz:FishBun:0.11.2] AndroidManifest.xml:24:13-42
128            android:theme="@style/FishBunTheme" />
128-->[com.sangcomz:FishBun:0.11.2] AndroidManifest.xml:25:13-48
129        <activity
129-->[com.sangcomz:FishBun:0.11.2] AndroidManifest.xml:26:9-28:51
130            android:name="com.sangcomz.fishbun.ui.picker.PickerActivity"
130-->[com.sangcomz:FishBun:0.11.2] AndroidManifest.xml:27:13-73
131            android:theme="@style/FishBunTheme" />
131-->[com.sangcomz:FishBun:0.11.2] AndroidManifest.xml:28:13-48
132        <activity
132-->[com.sangcomz:FishBun:0.11.2] AndroidManifest.xml:29:9-31:54
133            android:name="com.sangcomz.fishbun.ui.detail.DetailActivity"
133-->[com.sangcomz:FishBun:0.11.2] AndroidManifest.xml:30:13-73
134            android:theme="@style/DetailViewTheme" />
134-->[com.sangcomz:FishBun:0.11.2] AndroidManifest.xml:31:13-51
135        <activity
135-->[com.google.firebase:firebase-auth:19.2.0] AndroidManifest.xml:24:9-31:50
136            android:name="com.google.firebase.auth.internal.FederatedSignInActivity"
136-->[com.google.firebase:firebase-auth:19.2.0] AndroidManifest.xml:25:13-85
137            android:excludeFromRecents="true"
137-->[com.google.firebase:firebase-auth:19.2.0] AndroidManifest.xml:26:13-46
138            android:exported="true"
138-->[com.google.firebase:firebase-auth:19.2.0] AndroidManifest.xml:27:13-36
139            android:launchMode="singleTask"
139-->[com.google.firebase:firebase-auth:19.2.0] AndroidManifest.xml:28:13-44
140            android:permission="com.google.firebase.auth.api.gms.permission.LAUNCH_FEDERATED_SIGN_IN"
140-->[com.google.firebase:firebase-auth:19.2.0] AndroidManifest.xml:29:13-102
141            android:theme="@android:style/Theme.Translucent.NoTitleBar" />
141-->[com.google.firebase:firebase-auth:19.2.0] AndroidManifest.xml:30:13-72
142        <activity android:name="com.facebook.CustomTabMainActivity" />
142-->[com.facebook.android:facebook-common:5.5.1] AndroidManifest.xml:33:9-71
142-->[com.facebook.android:facebook-common:5.5.1] AndroidManifest.xml:33:19-68
143
144        <provider
144-->[com.google.firebase:firebase-common:19.3.0] AndroidManifest.xml:26:9-30:39
145            android:name="com.google.firebase.provider.FirebaseInitProvider"
145-->[com.google.firebase:firebase-common:19.3.0] AndroidManifest.xml:27:13-77
146            android:authorities="com.example.the_night.firebaseinitprovider"
146-->[com.google.firebase:firebase-common:19.3.0] AndroidManifest.xml:28:13-72
147            android:exported="false"
147-->[com.google.firebase:firebase-common:19.3.0] AndroidManifest.xml:29:13-37
148            android:initOrder="100" />
148-->[com.google.firebase:firebase-common:19.3.0] AndroidManifest.xml:30:13-36
149
150        <activity
150-->[com.google.android.gms:play-services-base:17.1.0] AndroidManifest.xml:23:9-26:75
151            android:name="com.google.android.gms.common.api.GoogleApiActivity"
151-->[com.google.android.gms:play-services-base:17.1.0] AndroidManifest.xml:24:13-79
152            android:exported="false"
152-->[com.google.android.gms:play-services-base:17.1.0] AndroidManifest.xml:25:13-37
153            android:theme="@android:style/Theme.Translucent.NoTitleBar" />
153-->[com.google.android.gms:play-services-base:17.1.0] AndroidManifest.xml:26:13-72
154
155        <meta-data
155-->[com.google.android.gms:play-services-basement:17.0.0] AndroidManifest.xml:23:9-25:69
156            android:name="com.google.android.gms.version"
156-->[com.google.android.gms:play-services-basement:17.0.0] AndroidManifest.xml:24:13-58
157            android:value="@integer/google_play_services_version" />
157-->[com.google.android.gms:play-services-basement:17.0.0] AndroidManifest.xml:25:13-66
158        <!--
159         The initialization ContentProvider will call FacebookSdk.sdkInitialize automatically
160         with the application context. This config is merged in with the host app's manifest,
161         but there can only be one provider with the same authority activated at any given
162         point; so if the end user has two or more different apps that use Facebook SDK, only the
163         first one will be able to use the provider. To work around this problem, we use the
164         following placeholder in the authority to identify each host application as if it was
165         a completely different provider.
166        -->
167        <provider
167-->[com.facebook.android:facebook-core:5.5.1] AndroidManifest.xml:39:9-42:40
168            android:name="com.facebook.internal.FacebookInitProvider"
168-->[com.facebook.android:facebook-core:5.5.1] AndroidManifest.xml:40:13-70
169            android:authorities="com.example.the_night.FacebookInitProvider"
169-->[com.facebook.android:facebook-core:5.5.1] AndroidManifest.xml:41:13-72
170            android:exported="false" />
170-->[com.facebook.android:facebook-core:5.5.1] AndroidManifest.xml:42:13-37
171
172        <receiver
172-->[com.facebook.android:facebook-core:5.5.1] AndroidManifest.xml:44:9-50:20
173            android:name="com.facebook.CurrentAccessTokenExpirationBroadcastReceiver"
173-->[com.facebook.android:facebook-core:5.5.1] AndroidManifest.xml:45:13-86
174            android:exported="false" >
174-->[com.facebook.android:facebook-core:5.5.1] AndroidManifest.xml:46:13-37
175            <intent-filter>
175-->[com.facebook.android:facebook-core:5.5.1] AndroidManifest.xml:47:13-49:29
176                <action android:name="com.facebook.sdk.ACTION_CURRENT_ACCESS_TOKEN_CHANGED" />
176-->[com.facebook.android:facebook-core:5.5.1] AndroidManifest.xml:48:17-95
176-->[com.facebook.android:facebook-core:5.5.1] AndroidManifest.xml:48:25-92
177            </intent-filter>
178        </receiver>
179        <receiver
179-->[com.facebook.android:facebook-core:5.5.1] AndroidManifest.xml:51:9-58:20
180            android:name="com.facebook.CampaignTrackingReceiver"
180-->[com.facebook.android:facebook-core:5.5.1] AndroidManifest.xml:52:13-65
181            android:exported="true"
181-->[com.facebook.android:facebook-core:5.5.1] AndroidManifest.xml:53:13-36
182            android:permission="android.permission.INSTALL_PACKAGES" >
182-->[com.facebook.android:facebook-core:5.5.1] AndroidManifest.xml:54:13-69
183            <intent-filter>
183-->[com.facebook.android:facebook-core:5.5.1] AndroidManifest.xml:55:13-57:29
184                <action android:name="com.android.vending.INSTALL_REFERRER" />
184-->[com.facebook.android:facebook-core:5.5.1] AndroidManifest.xml:56:17-79
184-->[com.facebook.android:facebook-core:5.5.1] AndroidManifest.xml:56:25-76
185            </intent-filter>
186        </receiver>
187    </application>
188
189</manifest>